<?xml version="1.0" encoding="UTF-8"?>
<!-- Generated by org.testng.reporters.JUnitXMLReporter -->
<testsuite hostname="HimeshHP" ignored="4" name="week15-himeshhw-xyzbank" tests="1" failures="1" timestamp="2022-12-11T10:28:36 GMT" time="12.31" errors="0">
  <testcase name="bankManagerShouldAddCustomerSuccessfully" time="0.001" classname="com.way2automation.testsuite.BankTest">
    <failure type="java.lang.NullPointerException">
      <![CDATA[java.lang.NullPointerException
at com.way2automation.utility.Utility.clickOnElement(Utility.java:25)
at com.way2automation.pages.HomePage.clickOnBankManagerLoginTab(HomePage.java:17)
at com.way2automation.testsuite.BankTest.bankManagerShouldAddCustomerSuccessfully(BankTest.java:32)
at java.util.ArrayList.forEach(ArrayList.java:1249)
at com.intellij.rt.testng.IDEARemoteTestNG.run(IDEARemoteTestNG.java:66)
at com.intellij.rt.testng.RemoteTestNGStarter.main(RemoteTestNGStarter.java:109)
... Removed 24 stack frames]]>
    </failure>
  </testcase> <!-- bankManagerShouldAddCustomerSuccessfully -->
  <testcase name="customerShouldLoginAndLogoutSuccessfully" time="0.0" classname="com.way2automation.testsuite.BankTest">
    <ignored/>
  </testcase> <!-- customerShouldLoginAndLogoutSuccessfully -->
  <testcase name="customerShouldDepositMoneySuccessfully" time="0.0" classname="com.way2automation.testsuite.BankTest">
    <ignored/>
  </testcase> <!-- customerShouldDepositMoneySuccessfully -->
  <testcase name="bankManagerShouldOpenAccountSuccessfully" time="0.0" classname="com.way2automation.testsuite.BankTest">
    <ignored/>
  </testcase> <!-- bankManagerShouldOpenAccountSuccessfully -->
  <testcase name="customerShouldWithdrawMoneySuccessfully" time="0.0" classname="com.way2automation.testsuite.BankTest">
    <ignored/>
  </testcase> <!-- customerShouldWithdrawMoneySuccessfully -->
</testsuite> <!-- week15-himeshhw-xyzbank -->
