<?xml version="1.0" encoding="UTF-8"?>
<testsuite name="Bank test"
           tests="5"
           failures="0"
           errors="0"
           skipped="0"
           time="13.781">
  <properties />
  
  
            <testcase name="customerShouldDepositMoneySuccessfully" time="6.419" classname="com.way2automation.testsuite.BankTest" />
                <testcase name="customerShouldWithdrawMoneySuccessfully" time="3.717" classname="com.way2automation.testsuite.BankTest" />
                <testcase name="bankManagerShouldAddCustomerSuccessfully" time="1.296" classname="com.way2automation.testsuite.BankTest" />
                <testcase name="customerShouldLoginAndLogoutSuccessfully" time="1.076" classname="com.way2automation.testsuite.BankTest" />
                <testcase name="bankManagerShouldOpenAccountSuccessfully" time="1.273" classname="com.way2automation.testsuite.BankTest" />
      
</testsuite>
